{"contracts\\AlphaMarketCoin.sol":{"l":{"10":47,"11":47,"12":47,"13":47,"17":49,"18":47,"25":40,"26":40,"30":115,"31":112,"35":2,"36":1,"40":2,"41":1,"45":7,"47":7,"53":1},"path":"D:/proj/am_smart_contracts/contracts/AlphaMarketCoin.sol","s":{"1":47,"2":47,"3":47,"4":47,"5":49,"6":40,"7":40,"8":115,"9":112,"10":2,"11":1,"12":2,"13":1,"14":7,"15":7,"16":7,"17":1},"b":{"1":[47,2],"2":[40,0],"3":[112,3],"4":[1,1],"5":[1,1],"6":[7,0]},"f":{"1":47,"2":49,"3":40,"4":115,"5":2,"6":2,"7":7,"8":1},"fnMap":{"1":{"name":"AlphaMarketCoin","line":9,"loc":{"start":{"line":9,"column":4},"end":{"line":9,"column":54}}},"2":{"name":"onlyController","line":16,"loc":{"start":{"line":16,"column":4},"end":{"line":16,"column":25}}},"3":{"name":"addEarlyAccessAddress","line":24,"loc":{"start":{"line":24,"column":4},"end":{"line":24,"column":74}}},"4":{"name":"transfer","line":29,"loc":{"start":{"line":29,"column":4},"end":{"line":29,"column":70}}},"5":{"name":"transferFrom","line":34,"loc":{"start":{"line":34,"column":4},"end":{"line":34,"column":89}}},"6":{"name":"approve","line":39,"loc":{"start":{"line":39,"column":4},"end":{"line":39,"column":74}}},"7":{"name":"enableTransfering","line":44,"loc":{"start":{"line":44,"column":4},"end":{"line":44,"column":52}}},"8":{"name":null,"line":52,"loc":{"start":{"line":52,"column":4},"end":{"line":52,"column":28}}}},"statementMap":{"1":{"start":{"line":10,"column":8},"end":{"line":10,"column":31}},"2":{"start":{"line":11,"column":8},"end":{"line":11,"column":38}},"3":{"start":{"line":12,"column":8},"end":{"line":12,"column":57}},"4":{"start":{"line":13,"column":8},"end":{"line":13,"column":43}},"5":{"start":{"line":17,"column":8},"end":{"line":17,"column":40}},"6":{"start":{"line":25,"column":8},"end":{"line":25,"column":31}},"7":{"start":{"line":26,"column":8},"end":{"line":26,"column":35}},"8":{"start":{"line":30,"column":8},"end":{"line":30,"column":60}},"9":{"start":{"line":31,"column":8},"end":{"line":31,"column":42}},"10":{"start":{"line":35,"column":8},"end":{"line":35,"column":33}},"11":{"start":{"line":36,"column":8},"end":{"line":36,"column":53}},"12":{"start":{"line":40,"column":8},"end":{"line":40,"column":33}},"13":{"start":{"line":41,"column":8},"end":{"line":41,"column":46}},"14":{"start":{"line":45,"column":8},"end":{"line":45,"column":34}},"15":{"start":{"line":47,"column":8},"end":{"line":47,"column":31}},"16":{"start":{"line":48,"column":13},"end":{"line":48,"column":29}},"17":{"start":{"line":53,"column":8},"end":{"line":53,"column":15}}},"branchMap":{"1":{"line":17,"type":"if","locations":[{"start":{"line":17,"column":8},"end":{"line":17,"column":8}},{"start":{"line":17,"column":8},"end":{"line":17,"column":8}}]},"2":{"line":25,"type":"if","locations":[{"start":{"line":25,"column":8},"end":{"line":25,"column":8}},{"start":{"line":25,"column":8},"end":{"line":25,"column":8}}]},"3":{"line":30,"type":"if","locations":[{"start":{"line":30,"column":8},"end":{"line":30,"column":8}},{"start":{"line":30,"column":8},"end":{"line":30,"column":8}}]},"4":{"line":35,"type":"if","locations":[{"start":{"line":35,"column":8},"end":{"line":35,"column":8}},{"start":{"line":35,"column":8},"end":{"line":35,"column":8}}]},"5":{"line":40,"type":"if","locations":[{"start":{"line":40,"column":8},"end":{"line":40,"column":8}},{"start":{"line":40,"column":8},"end":{"line":40,"column":8}}]},"6":{"line":45,"type":"if","locations":[{"start":{"line":45,"column":8},"end":{"line":45,"column":8}},{"start":{"line":45,"column":8},"end":{"line":45,"column":8}}]}}},"contracts\\AlphaMarketCoinExchanger.sol":{"l":{"13":41,"17":2,"18":1,"20":1,"21":1,"25":5,"26":5,"30":1,"31":1,"35":2,"36":1,"38":1,"43":2,"44":1,"46":1},"path":"D:/proj/am_smart_contracts/contracts/AlphaMarketCoinExchanger.sol","s":{"1":41,"2":2,"3":1,"4":1,"5":1,"6":5,"7":1,"8":1,"9":2,"10":1,"11":1,"12":2,"13":1},"b":{"1":[1,1],"2":[1,0],"3":[1,1],"4":[1,1]},"f":{"1":41,"2":2,"3":5,"4":1,"5":2,"6":2},"fnMap":{"1":{"name":"AlphaMarketCoinExchanger","line":12,"loc":{"start":{"line":12,"column":4},"end":{"line":12,"column":124}}},"2":{"name":"setTokensPerEther","line":16,"loc":{"start":{"line":16,"column":4},"end":{"line":16,"column":104}}},"3":{"name":"buyTokens","line":24,"loc":{"start":{"line":24,"column":4},"end":{"line":24,"column":37}}},"4":{"name":null,"line":29,"loc":{"start":{"line":29,"column":4},"end":{"line":29,"column":29}}},"5":{"name":"transferEther","line":34,"loc":{"start":{"line":34,"column":4},"end":{"line":34,"column":88}}},"6":{"name":"transferTokens","line":42,"loc":{"start":{"line":42,"column":4},"end":{"line":42,"column":92}}}},"statementMap":{"1":{"start":{"line":13,"column":8},"end":{"line":13,"column":45}},"2":{"start":{"line":17,"column":8},"end":{"line":17,"column":599}},"3":{"start":{"line":18,"column":12},"end":{"line":18,"column":18}},"4":{"start":{"line":20,"column":8},"end":{"line":20,"column":44}},"5":{"start":{"line":21,"column":8},"end":{"line":21,"column":48}},"6":{"start":{"line":25,"column":8},"end":{"line":25,"column":109}},"7":{"start":{"line":30,"column":8},"end":{"line":30,"column":36}},"8":{"start":{"line":31,"column":8},"end":{"line":31,"column":18}},"9":{"start":{"line":35,"column":8},"end":{"line":35,"column":1175}},"10":{"start":{"line":36,"column":12},"end":{"line":36,"column":18}},"11":{"start":{"line":39,"column":13},"end":{"line":39,"column":38}},"12":{"start":{"line":43,"column":8},"end":{"line":43,"column":1439}},"13":{"start":{"line":44,"column":12},"end":{"line":44,"column":18}}},"branchMap":{"1":{"line":17,"type":"if","locations":[{"start":{"line":17,"column":8},"end":{"line":17,"column":8}},{"start":{"line":17,"column":8},"end":{"line":17,"column":8}}]},"2":{"line":30,"type":"if","locations":[{"start":{"line":30,"column":8},"end":{"line":30,"column":8}},{"start":{"line":30,"column":8},"end":{"line":30,"column":8}}]},"3":{"line":35,"type":"if","locations":[{"start":{"line":35,"column":8},"end":{"line":35,"column":8}},{"start":{"line":35,"column":8},"end":{"line":35,"column":8}}]},"4":{"line":43,"type":"if","locations":[{"start":{"line":43,"column":8},"end":{"line":43,"column":8}},{"start":{"line":43,"column":8},"end":{"line":43,"column":8}}]}}},"contracts\\AlphaMarketICO.sol":{"l":{"17":38,"18":38,"19":38,"23":37,"24":37,"28":37,"30":37,"31":37,"32":37,"33":37,"38":41,"39":41,"43":41,"44":37,"48":48,"50":48,"51":13,"52":11,"53":2,"54":2,"58":13,"59":6,"60":6,"64":35,"65":33,"72":7,"73":3,"76":4,"77":4,"78":14,"79":13,"80":13,"82":3,"83":1,"87":36,"88":36,"90":36,"91":18,"92":15,"93":14,"94":13,"95":12,"96":11,"97":10,"98":9,"99":8,"100":7,"101":6,"102":5,"106":36,"107":36,"109":36,"110":18,"111":15,"112":14,"113":13,"114":12,"115":11,"116":10,"117":9,"118":8,"119":7,"120":6,"121":5,"125":37,"126":36,"129":36,"130":36,"132":36,"133":2,"134":2,"135":2,"136":2,"139":36,"140":36,"141":36,"146":2,"150":39,"154":1,"155":1,"159":9,"160":1,"162":8,"163":8,"167":2,"172":6,"174":4,"175":4,"177":2,"178":2,"179":2,"183":1},"path":"D:/proj/am_smart_contracts/contracts/AlphaMarketICO.sol","s":{"1":38,"2":38,"3":38,"4":37,"5":37,"6":37,"7":37,"8":37,"9":41,"10":41,"11":48,"12":48,"13":13,"14":11,"15":2,"16":2,"17":13,"18":6,"19":6,"20":35,"21":35,"22":33,"23":33,"24":7,"25":3,"26":4,"27":4,"28":14,"29":13,"30":3,"31":1,"32":36,"33":36,"34":36,"35":18,"36":18,"37":3,"38":15,"39":1,"40":14,"41":1,"42":13,"43":1,"44":12,"45":1,"46":11,"47":1,"48":10,"49":1,"50":9,"51":1,"52":8,"53":1,"54":7,"55":1,"56":6,"57":1,"58":5,"59":5,"60":36,"61":36,"62":36,"63":18,"64":18,"65":3,"66":15,"67":1,"68":14,"69":1,"70":13,"71":1,"72":12,"73":1,"74":11,"75":1,"76":10,"77":1,"78":9,"79":1,"80":8,"81":1,"82":7,"83":1,"84":6,"85":1,"86":5,"87":5,"88":37,"89":36,"90":36,"91":36,"92":2,"93":2,"94":2,"95":36,"96":36,"97":36,"98":36,"99":2,"100":39,"101":1,"102":1,"103":9,"104":1,"105":8,"106":2,"107":2,"108":6,"109":4,"110":4,"111":2,"112":2,"113":1},"b":{"1":[38,0],"2":[37,0],"3":[37,0],"4":[37,4],"5":[13,35],"6":[11,2],"7":[2,9],"8":[6,7],"9":[35,0],"10":[33,2],"11":[3,4],"12":[13,1],"13":[1,2],"14":[36,0],"15":[18,18],"16":[3,15],"17":[1,14],"18":[1,13],"19":[1,12],"20":[1,11],"21":[1,10],"22":[1,9],"23":[1,8],"24":[1,7],"25":[1,6],"26":[1,5],"27":[5,0],"28":[36,0],"29":[18,18],"30":[3,15],"31":[1,14],"32":[1,13],"33":[1,12],"34":[1,11],"35":[1,10],"36":[1,9],"37":[1,8],"38":[1,7],"39":[1,6],"40":[1,5],"41":[5,0],"42":[36,1],"43":[2,34],"44":[2,0],"45":[1,0],"46":[1,8],"47":[4,2],"48":[2,2]},"f":{"1":38,"2":37,"3":37,"4":41,"5":41,"6":48,"7":7,"8":36,"9":36,"10":37,"11":2,"12":39,"13":1,"14":9,"15":2,"16":6,"17":1},"fnMap":{"1":{"name":"AlphaMarketICO","line":16,"loc":{"start":{"line":16,"column":4},"end":{"line":16,"column":91}}},"2":{"name":"setExchanger","line":22,"loc":{"start":{"line":22,"column":4},"end":{"line":22,"column":62}}},"3":{"name":"sendTokensToBountyWallet","line":27,"loc":{"start":{"line":27,"column":4},"end":{"line":27,"column":77}}},"4":{"name":"processState","line":37,"loc":{"start":{"line":37,"column":4},"end":{"line":37,"column":23}}},"5":{"name":"icoInProgress","line":42,"loc":{"start":{"line":42,"column":4},"end":{"line":42,"column":24}}},"6":{"name":"updateState","line":47,"loc":{"start":{"line":47,"column":4},"end":{"line":47,"column":31}}},"7":{"name":"rewardContributors","line":71,"loc":{"start":{"line":71,"column":4},"end":{"line":71,"column":119}}},"8":{"name":"getTokensCountPerEther","line":86,"loc":{"start":{"line":86,"column":4},"end":{"line":86,"column":67}}},"9":{"name":"getBonus","line":105,"loc":{"start":{"line":105,"column":4},"end":{"line":105,"column":50}}},"10":{"name":"processInvestment","line":124,"loc":{"start":{"line":124,"column":4},"end":{"line":124,"column":115}}},"11":{"name":"buyTokensWithRef","line":145,"loc":{"start":{"line":145,"column":4},"end":{"line":145,"column":60}}},"12":{"name":"buyTokens","line":149,"loc":{"start":{"line":149,"column":4},"end":{"line":149,"column":37}}},"13":{"name":null,"line":153,"loc":{"start":{"line":153,"column":4},"end":{"line":153,"column":29}}},"14":{"name":"transferEther","line":158,"loc":{"start":{"line":158,"column":4},"end":{"line":158,"column":101}}},"15":{"name":"failICO","line":166,"loc":{"start":{"line":166,"column":4},"end":{"line":166,"column":60}}},"16":{"name":"withdrawRefund","line":171,"loc":{"start":{"line":171,"column":4},"end":{"line":171,"column":49}}},"17":{"name":"currentTime","line":182,"loc":{"start":{"line":182,"column":4},"end":{"line":182,"column":53}}}},"statementMap":{"1":{"start":{"line":17,"column":8},"end":{"line":17,"column":40}},"2":{"start":{"line":18,"column":8},"end":{"line":18,"column":37}},"3":{"start":{"line":19,"column":8},"end":{"line":19,"column":58}},"4":{"start":{"line":23,"column":8},"end":{"line":23,"column":53}},"5":{"start":{"line":24,"column":8},"end":{"line":24,"column":29}},"6":{"start":{"line":28,"column":8},"end":{"line":28,"column":53}},"7":{"start":{"line":31,"column":8},"end":{"line":31,"column":69}},"8":{"start":{"line":33,"column":8},"end":{"line":33,"column":26}},"9":{"start":{"line":38,"column":8},"end":{"line":38,"column":20}},"10":{"start":{"line":43,"column":8},"end":{"line":43,"column":120}},"11":{"start":{"line":48,"column":8},"end":{"line":48,"column":36}},"12":{"start":{"line":50,"column":8},"end":{"line":50,"column":1638}},"13":{"start":{"line":51,"column":12},"end":{"line":51,"column":1737}},"14":{"start":{"line":52,"column":16},"end":{"line":52,"column":1807}},"15":{"start":{"line":54,"column":20},"end":{"line":54,"column":47}},"16":{"start":{"line":55,"column":25},"end":{"line":55,"column":46}},"17":{"start":{"line":58,"column":12},"end":{"line":58,"column":2030}},"18":{"start":{"line":60,"column":16},"end":{"line":60,"column":41}},"19":{"start":{"line":61,"column":21},"end":{"line":61,"column":42}},"20":{"start":{"line":63,"column":15},"end":{"line":63,"column":2296}},"21":{"start":{"line":64,"column":12},"end":{"line":64,"column":2345}},"22":{"start":{"line":65,"column":16},"end":{"line":65,"column":56}},"23":{"start":{"line":66,"column":21},"end":{"line":66,"column":42}},"24":{"start":{"line":72,"column":8},"end":{"line":72,"column":2637}},"25":{"start":{"line":73,"column":12},"end":{"line":73,"column":18}},"26":{"start":{"line":76,"column":8},"end":{"line":76,"column":22}},"27":{"start":{"line":77,"column":8},"end":{"line":77,"column":2778}},"28":{"start":{"line":78,"column":12},"end":{"line":78,"column":43}},"29":{"start":{"line":79,"column":12},"end":{"line":79,"column":42}},"30":{"start":{"line":82,"column":8},"end":{"line":82,"column":59}},"31":{"start":{"line":83,"column":8},"end":{"line":83,"column":36}},"32":{"start":{"line":87,"column":8},"end":{"line":87,"column":36}},"33":{"start":{"line":88,"column":8},"end":{"line":88,"column":37}},"34":{"start":{"line":90,"column":8},"end":{"line":90,"column":59}},"35":{"start":{"line":90,"column":45},"end":{"line":90,"column":58}},"36":{"start":{"line":91,"column":8},"end":{"line":91,"column":59}},"37":{"start":{"line":91,"column":45},"end":{"line":91,"column":58}},"38":{"start":{"line":92,"column":8},"end":{"line":92,"column":59}},"39":{"start":{"line":92,"column":45},"end":{"line":92,"column":58}},"40":{"start":{"line":93,"column":8},"end":{"line":93,"column":59}},"41":{"start":{"line":93,"column":45},"end":{"line":93,"column":58}},"42":{"start":{"line":94,"column":8},"end":{"line":94,"column":59}},"43":{"start":{"line":94,"column":45},"end":{"line":94,"column":58}},"44":{"start":{"line":95,"column":8},"end":{"line":95,"column":59}},"45":{"start":{"line":95,"column":45},"end":{"line":95,"column":58}},"46":{"start":{"line":96,"column":8},"end":{"line":96,"column":59}},"47":{"start":{"line":96,"column":45},"end":{"line":96,"column":58}},"48":{"start":{"line":97,"column":8},"end":{"line":97,"column":59}},"49":{"start":{"line":97,"column":45},"end":{"line":97,"column":58}},"50":{"start":{"line":98,"column":8},"end":{"line":98,"column":59}},"51":{"start":{"line":98,"column":45},"end":{"line":98,"column":58}},"52":{"start":{"line":99,"column":8},"end":{"line":99,"column":59}},"53":{"start":{"line":99,"column":46},"end":{"line":99,"column":58}},"54":{"start":{"line":100,"column":8},"end":{"line":100,"column":59}},"55":{"start":{"line":100,"column":46},"end":{"line":100,"column":58}},"56":{"start":{"line":101,"column":8},"end":{"line":101,"column":59}},"57":{"start":{"line":101,"column":46},"end":{"line":101,"column":58}},"58":{"start":{"line":102,"column":8},"end":{"line":102,"column":59}},"59":{"start":{"line":102,"column":33},"end":{"line":102,"column":58}},"60":{"start":{"line":106,"column":8},"end":{"line":106,"column":36}},"61":{"start":{"line":107,"column":8},"end":{"line":107,"column":37}},"62":{"start":{"line":109,"column":8},"end":{"line":109,"column":56}},"63":{"start":{"line":109,"column":45},"end":{"line":109,"column":55}},"64":{"start":{"line":110,"column":8},"end":{"line":110,"column":56}},"65":{"start":{"line":110,"column":45},"end":{"line":110,"column":55}},"66":{"start":{"line":111,"column":8},"end":{"line":111,"column":56}},"67":{"start":{"line":111,"column":45},"end":{"line":111,"column":55}},"68":{"start":{"line":112,"column":8},"end":{"line":112,"column":56}},"69":{"start":{"line":112,"column":45},"end":{"line":112,"column":55}},"70":{"start":{"line":113,"column":8},"end":{"line":113,"column":56}},"71":{"start":{"line":113,"column":45},"end":{"line":113,"column":55}},"72":{"start":{"line":114,"column":8},"end":{"line":114,"column":56}},"73":{"start":{"line":114,"column":45},"end":{"line":114,"column":55}},"74":{"start":{"line":115,"column":8},"end":{"line":115,"column":55}},"75":{"start":{"line":115,"column":45},"end":{"line":115,"column":54}},"76":{"start":{"line":116,"column":8},"end":{"line":116,"column":55}},"77":{"start":{"line":116,"column":45},"end":{"line":116,"column":54}},"78":{"start":{"line":117,"column":8},"end":{"line":117,"column":55}},"79":{"start":{"line":117,"column":45},"end":{"line":117,"column":54}},"80":{"start":{"line":118,"column":8},"end":{"line":118,"column":55}},"81":{"start":{"line":118,"column":46},"end":{"line":118,"column":54}},"82":{"start":{"line":119,"column":8},"end":{"line":119,"column":55}},"83":{"start":{"line":119,"column":46},"end":{"line":119,"column":54}},"84":{"start":{"line":120,"column":8},"end":{"line":120,"column":55}},"85":{"start":{"line":120,"column":46},"end":{"line":120,"column":54}},"86":{"start":{"line":121,"column":8},"end":{"line":121,"column":55}},"87":{"start":{"line":121,"column":33},"end":{"line":121,"column":54}},"88":{"start":{"line":125,"column":8},"end":{"line":125,"column":64}},"89":{"start":{"line":126,"column":8},"end":{"line":126,"column":73}},"90":{"start":{"line":129,"column":8},"end":{"line":129,"column":81}},"91":{"start":{"line":132,"column":8},"end":{"line":132,"column":5375}},"92":{"start":{"line":133,"column":12},"end":{"line":133,"column":40}},"93":{"start":{"line":134,"column":12},"end":{"line":134,"column":66}},"94":{"start":{"line":136,"column":12},"end":{"line":136,"column":57}},"95":{"start":{"line":139,"column":8},"end":{"line":139,"column":63}},"96":{"start":{"line":140,"column":8},"end":{"line":140,"column":51}},"97":{"start":{"line":141,"column":8},"end":{"line":141,"column":44}},"98":{"start":{"line":142,"column":13},"end":{"line":142,"column":48}},"99":{"start":{"line":146,"column":8},"end":{"line":146,"column":57}},"100":{"start":{"line":150,"column":8},"end":{"line":150,"column":52}},"101":{"start":{"line":154,"column":8},"end":{"line":154,"column":36}},"102":{"start":{"line":155,"column":8},"end":{"line":155,"column":18}},"103":{"start":{"line":159,"column":8},"end":{"line":159,"column":6318}},"104":{"start":{"line":160,"column":12},"end":{"line":160,"column":18}},"105":{"start":{"line":163,"column":8},"end":{"line":163,"column":33}},"106":{"start":{"line":167,"column":8},"end":{"line":167,"column":30}},"107":{"start":{"line":168,"column":13},"end":{"line":168,"column":34}},"108":{"start":{"line":172,"column":8},"end":{"line":172,"column":40}},"109":{"start":{"line":174,"column":8},"end":{"line":174,"column":51}},"110":{"start":{"line":175,"column":8},"end":{"line":175,"column":60}},"111":{"start":{"line":177,"column":8},"end":{"line":177,"column":56}},"112":{"start":{"line":178,"column":8},"end":{"line":178,"column":34}},"113":{"start":{"line":183,"column":8},"end":{"line":183,"column":18}}},"branchMap":{"1":{"line":18,"type":"if","locations":[{"start":{"line":18,"column":8},"end":{"line":18,"column":8}},{"start":{"line":18,"column":8},"end":{"line":18,"column":8}}]},"2":{"line":23,"type":"if","locations":[{"start":{"line":23,"column":8},"end":{"line":23,"column":8}},{"start":{"line":23,"column":8},"end":{"line":23,"column":8}}]},"3":{"line":28,"type":"if","locations":[{"start":{"line":28,"column":8},"end":{"line":28,"column":8}},{"start":{"line":28,"column":8},"end":{"line":28,"column":8}}]},"4":{"line":43,"type":"if","locations":[{"start":{"line":43,"column":8},"end":{"line":43,"column":8}},{"start":{"line":43,"column":8},"end":{"line":43,"column":8}}]},"5":{"line":50,"type":"if","locations":[{"start":{"line":50,"column":8},"end":{"line":50,"column":8}},{"start":{"line":50,"column":8},"end":{"line":50,"column":8}}]},"6":{"line":51,"type":"if","locations":[{"start":{"line":51,"column":12},"end":{"line":51,"column":12}},{"start":{"line":51,"column":12},"end":{"line":51,"column":12}}]},"7":{"line":52,"type":"if","locations":[{"start":{"line":52,"column":16},"end":{"line":52,"column":16}},{"start":{"line":52,"column":16},"end":{"line":52,"column":16}}]},"8":{"line":58,"type":"if","locations":[{"start":{"line":58,"column":12},"end":{"line":58,"column":12}},{"start":{"line":58,"column":12},"end":{"line":58,"column":12}}]},"9":{"line":63,"type":"if","locations":[{"start":{"line":63,"column":15},"end":{"line":63,"column":15}},{"start":{"line":63,"column":15},"end":{"line":63,"column":15}}]},"10":{"line":64,"type":"if","locations":[{"start":{"line":64,"column":12},"end":{"line":64,"column":12}},{"start":{"line":64,"column":12},"end":{"line":64,"column":12}}]},"11":{"line":72,"type":"if","locations":[{"start":{"line":72,"column":8},"end":{"line":72,"column":8}},{"start":{"line":72,"column":8},"end":{"line":72,"column":8}}]},"12":{"line":78,"type":"if","locations":[{"start":{"line":78,"column":12},"end":{"line":78,"column":12}},{"start":{"line":78,"column":12},"end":{"line":78,"column":12}}]},"13":{"line":82,"type":"if","locations":[{"start":{"line":82,"column":8},"end":{"line":82,"column":8}},{"start":{"line":82,"column":8},"end":{"line":82,"column":8}}]},"14":{"line":88,"type":"if","locations":[{"start":{"line":88,"column":8},"end":{"line":88,"column":8}},{"start":{"line":88,"column":8},"end":{"line":88,"column":8}}]},"15":{"line":90,"type":"if","locations":[{"start":{"line":90,"column":8},"end":{"line":90,"column":8}},{"start":{"line":90,"column":8},"end":{"line":90,"column":8}}]},"16":{"line":91,"type":"if","locations":[{"start":{"line":91,"column":8},"end":{"line":91,"column":8}},{"start":{"line":91,"column":8},"end":{"line":91,"column":8}}]},"17":{"line":92,"type":"if","locations":[{"start":{"line":92,"column":8},"end":{"line":92,"column":8}},{"start":{"line":92,"column":8},"end":{"line":92,"column":8}}]},"18":{"line":93,"type":"if","locations":[{"start":{"line":93,"column":8},"end":{"line":93,"column":8}},{"start":{"line":93,"column":8},"end":{"line":93,"column":8}}]},"19":{"line":94,"type":"if","locations":[{"start":{"line":94,"column":8},"end":{"line":94,"column":8}},{"start":{"line":94,"column":8},"end":{"line":94,"column":8}}]},"20":{"line":95,"type":"if","locations":[{"start":{"line":95,"column":8},"end":{"line":95,"column":8}},{"start":{"line":95,"column":8},"end":{"line":95,"column":8}}]},"21":{"line":96,"type":"if","locations":[{"start":{"line":96,"column":8},"end":{"line":96,"column":8}},{"start":{"line":96,"column":8},"end":{"line":96,"column":8}}]},"22":{"line":97,"type":"if","locations":[{"start":{"line":97,"column":8},"end":{"line":97,"column":8}},{"start":{"line":97,"column":8},"end":{"line":97,"column":8}}]},"23":{"line":98,"type":"if","locations":[{"start":{"line":98,"column":8},"end":{"line":98,"column":8}},{"start":{"line":98,"column":8},"end":{"line":98,"column":8}}]},"24":{"line":99,"type":"if","locations":[{"start":{"line":99,"column":8},"end":{"line":99,"column":8}},{"start":{"line":99,"column":8},"end":{"line":99,"column":8}}]},"25":{"line":100,"type":"if","locations":[{"start":{"line":100,"column":8},"end":{"line":100,"column":8}},{"start":{"line":100,"column":8},"end":{"line":100,"column":8}}]},"26":{"line":101,"type":"if","locations":[{"start":{"line":101,"column":8},"end":{"line":101,"column":8}},{"start":{"line":101,"column":8},"end":{"line":101,"column":8}}]},"27":{"line":102,"type":"if","locations":[{"start":{"line":102,"column":8},"end":{"line":102,"column":8}},{"start":{"line":102,"column":8},"end":{"line":102,"column":8}}]},"28":{"line":107,"type":"if","locations":[{"start":{"line":107,"column":8},"end":{"line":107,"column":8}},{"start":{"line":107,"column":8},"end":{"line":107,"column":8}}]},"29":{"line":109,"type":"if","locations":[{"start":{"line":109,"column":8},"end":{"line":109,"column":8}},{"start":{"line":109,"column":8},"end":{"line":109,"column":8}}]},"30":{"line":110,"type":"if","locations":[{"start":{"line":110,"column":8},"end":{"line":110,"column":8}},{"start":{"line":110,"column":8},"end":{"line":110,"column":8}}]},"31":{"line":111,"type":"if","locations":[{"start":{"line":111,"column":8},"end":{"line":111,"column":8}},{"start":{"line":111,"column":8},"end":{"line":111,"column":8}}]},"32":{"line":112,"type":"if","locations":[{"start":{"line":112,"column":8},"end":{"line":112,"column":8}},{"start":{"line":112,"column":8},"end":{"line":112,"column":8}}]},"33":{"line":113,"type":"if","locations":[{"start":{"line":113,"column":8},"end":{"line":113,"column":8}},{"start":{"line":113,"column":8},"end":{"line":113,"column":8}}]},"34":{"line":114,"type":"if","locations":[{"start":{"line":114,"column":8},"end":{"line":114,"column":8}},{"start":{"line":114,"column":8},"end":{"line":114,"column":8}}]},"35":{"line":115,"type":"if","locations":[{"start":{"line":115,"column":8},"end":{"line":115,"column":8}},{"start":{"line":115,"column":8},"end":{"line":115,"column":8}}]},"36":{"line":116,"type":"if","locations":[{"start":{"line":116,"column":8},"end":{"line":116,"column":8}},{"start":{"line":116,"column":8},"end":{"line":116,"column":8}}]},"37":{"line":117,"type":"if","locations":[{"start":{"line":117,"column":8},"end":{"line":117,"column":8}},{"start":{"line":117,"column":8},"end":{"line":117,"column":8}}]},"38":{"line":118,"type":"if","locations":[{"start":{"line":118,"column":8},"end":{"line":118,"column":8}},{"start":{"line":118,"column":8},"end":{"line":118,"column":8}}]},"39":{"line":119,"type":"if","locations":[{"start":{"line":119,"column":8},"end":{"line":119,"column":8}},{"start":{"line":119,"column":8},"end":{"line":119,"column":8}}]},"40":{"line":120,"type":"if","locations":[{"start":{"line":120,"column":8},"end":{"line":120,"column":8}},{"start":{"line":120,"column":8},"end":{"line":120,"column":8}}]},"41":{"line":121,"type":"if","locations":[{"start":{"line":121,"column":8},"end":{"line":121,"column":8}},{"start":{"line":121,"column":8},"end":{"line":121,"column":8}}]},"42":{"line":125,"type":"if","locations":[{"start":{"line":125,"column":8},"end":{"line":125,"column":8}},{"start":{"line":125,"column":8},"end":{"line":125,"column":8}}]},"43":{"line":132,"type":"if","locations":[{"start":{"line":132,"column":8},"end":{"line":132,"column":8}},{"start":{"line":132,"column":8},"end":{"line":132,"column":8}}]},"44":{"line":133,"type":"if","locations":[{"start":{"line":133,"column":12},"end":{"line":133,"column":12}},{"start":{"line":133,"column":12},"end":{"line":133,"column":12}}]},"45":{"line":154,"type":"if","locations":[{"start":{"line":154,"column":8},"end":{"line":154,"column":8}},{"start":{"line":154,"column":8},"end":{"line":154,"column":8}}]},"46":{"line":159,"type":"if","locations":[{"start":{"line":159,"column":8},"end":{"line":159,"column":8}},{"start":{"line":159,"column":8},"end":{"line":159,"column":8}}]},"47":{"line":172,"type":"if","locations":[{"start":{"line":172,"column":8},"end":{"line":172,"column":8}},{"start":{"line":172,"column":8},"end":{"line":172,"column":8}}]},"48":{"line":175,"type":"if","locations":[{"start":{"line":175,"column":8},"end":{"line":175,"column":8}},{"start":{"line":175,"column":8},"end":{"line":175,"column":8}}]}}},"contracts\\AlphaMarketTeamBountyWallet.sol":{"l":{"8":39,"12":2,"13":1,"15":1,"20":1},"path":"D:/proj/am_smart_contracts/contracts/AlphaMarketTeamBountyWallet.sol","s":{"1":39,"2":2,"3":1,"4":1},"b":{"1":[1,1]},"f":{"1":39,"2":2,"3":1},"fnMap":{"1":{"name":"AlphaMarketTeamBountyWallet","line":7,"loc":{"start":{"line":7,"column":4},"end":{"line":7,"column":127}}},"2":{"name":"transferTokens","line":11,"loc":{"start":{"line":11,"column":4},"end":{"line":11,"column":94}}},"3":{"name":null,"line":19,"loc":{"start":{"line":19,"column":4},"end":{"line":19,"column":30}}}},"statementMap":{"1":{"start":{"line":8,"column":8},"end":{"line":8,"column":45}},"2":{"start":{"line":12,"column":8},"end":{"line":12,"column":442}},"3":{"start":{"line":13,"column":12},"end":{"line":13,"column":18}},"4":{"start":{"line":20,"column":8},"end":{"line":20,"column":15}}},"branchMap":{"1":{"line":12,"type":"if","locations":[{"start":{"line":12,"column":8},"end":{"line":12,"column":8}},{"start":{"line":12,"column":8},"end":{"line":12,"column":8}}]}}},"contracts\\Multiowned.sol":{"l":{"39":150,"40":150,"47":83,"48":33,"56":118,"57":118,"58":118,"59":354,"60":354,"62":118,"67":1,"69":1,"70":0,"72":1,"73":1,"74":1,"75":1,"76":1,"77":1,"83":1,"84":1,"85":0,"88":1,"89":1,"90":1,"91":1,"92":1,"96":1,"97":0,"100":1,"101":0,"102":0,"104":1,"105":1,"106":1,"107":1,"108":1,"112":3,"113":3,"114":1,"117":2,"118":2,"119":2,"120":2,"121":2,"125":2,"126":1,"128":1,"129":1,"130":1,"134":152,"138":3,"139":3,"142":3,"143":1,"147":2,"148":2,"149":1,"151":1,"159":83,"161":83,"163":73,"165":73,"167":37,"169":37,"170":37,"171":37,"174":73,"176":73,"177":73,"179":73,"181":33,"182":33,"183":33,"186":40,"187":40,"193":2,"194":2,"195":3,"196":4,"198":3,"199":2,"201":3,"202":1,"203":1,"204":1,"210":4,"211":4,"212":10,"213":4,"216":4},"path":"D:/proj/am_smart_contracts/contracts/Multiowned.sol","s":{"1":150,"2":83,"3":118,"4":118,"5":118,"6":354,"7":354,"8":118,"9":1,"10":1,"11":0,"12":1,"13":1,"14":1,"15":1,"16":1,"17":1,"18":1,"19":0,"20":1,"21":1,"22":1,"23":1,"24":1,"25":1,"26":0,"27":1,"28":0,"29":0,"30":1,"31":1,"32":1,"33":1,"34":3,"35":3,"36":1,"37":2,"38":2,"39":2,"40":2,"41":2,"42":2,"43":1,"44":1,"45":1,"46":1,"47":152,"48":3,"49":3,"50":3,"51":1,"52":2,"53":2,"54":1,"55":1,"56":83,"57":83,"58":73,"59":73,"60":37,"61":37,"62":37,"63":37,"64":73,"65":73,"66":73,"67":73,"68":33,"69":40,"70":2,"71":2,"72":3,"73":3,"74":3,"75":1,"76":1,"77":1,"78":4,"79":4,"80":10},"b":{"1":[150,0],"2":[33,40],"3":[0,1],"4":[1,0],"5":[0,1],"6":[0,1],"7":[0,1],"8":[1,0],"9":[1,2],"10":[1,1],"11":[1,2],"12":[1,1],"13":[73,10],"14":[37,36],"15":[73,0],"16":[33,40],"17":[1,2],"18":[4,6]},"f":{"1":150,"2":83,"3":118,"4":1,"5":1,"6":1,"7":3,"8":2,"9":152,"10":3,"11":83,"12":2,"13":4},"fnMap":{"1":{"name":"onlyowner","line":38,"loc":{"start":{"line":38,"column":4},"end":{"line":38,"column":20}}},"2":{"name":"onlymanyowners","line":46,"loc":{"start":{"line":46,"column":4},"end":{"line":46,"column":45}}},"3":{"name":"Multiowned","line":55,"loc":{"start":{"line":55,"column":4},"end":{"line":55,"column":63}}},"4":{"name":"revoke","line":66,"loc":{"start":{"line":66,"column":4},"end":{"line":66,"column":46}}},"5":{"name":"changeOwner","line":82,"loc":{"start":{"line":82,"column":4},"end":{"line":82,"column":90}}},"6":{"name":"addOwner","line":95,"loc":{"start":{"line":95,"column":4},"end":{"line":95,"column":75}}},"7":{"name":"removeOwner","line":111,"loc":{"start":{"line":111,"column":4},"end":{"line":111,"column":78}}},"8":{"name":"changeRequirement","line":124,"loc":{"start":{"line":124,"column":4},"end":{"line":124,"column":87}}},"9":{"name":"isOwner","line":133,"loc":{"start":{"line":133,"column":4},"end":{"line":133,"column":62}}},"10":{"name":"hasConfirmed","line":137,"loc":{"start":{"line":137,"column":4},"end":{"line":137,"column":86}}},"11":{"name":"confirmAndCheck","line":157,"loc":{"start":{"line":157,"column":4},"end":{"line":157,"column":70}}},"12":{"name":"reorganizeOwners","line":192,"loc":{"start":{"line":192,"column":4},"end":{"line":192,"column":52}}},"13":{"name":"clearPending","line":209,"loc":{"start":{"line":209,"column":4},"end":{"line":209,"column":34}}}},"statementMap":{"1":{"start":{"line":39,"column":8},"end":{"line":39,"column":1405}},"2":{"start":{"line":47,"column":8},"end":{"line":47,"column":1713}},"3":{"start":{"line":56,"column":8},"end":{"line":56,"column":35}},"4":{"start":{"line":57,"column":8},"end":{"line":57,"column":34}},"5":{"start":{"line":58,"column":8},"end":{"line":58,"column":2101}},"6":{"start":{"line":59,"column":12},"end":{"line":59,"column":39}},"7":{"start":{"line":60,"column":12},"end":{"line":60,"column":49}},"8":{"start":{"line":62,"column":8},"end":{"line":62,"column":29}},"9":{"start":{"line":67,"column":8},"end":{"line":67,"column":55}},"10":{"start":{"line":69,"column":8},"end":{"line":69,"column":2503}},"11":{"start":{"line":70,"column":12},"end":{"line":70,"column":18}},"12":{"start":{"line":72,"column":8},"end":{"line":72,"column":41}},"13":{"start":{"line":73,"column":8},"end":{"line":73,"column":43}},"14":{"start":{"line":74,"column":8},"end":{"line":74,"column":2653}},"15":{"start":{"line":76,"column":12},"end":{"line":76,"column":46}},"16":{"start":{"line":77,"column":12},"end":{"line":77,"column":41}},"17":{"start":{"line":83,"column":8},"end":{"line":83,"column":50}},"18":{"start":{"line":84,"column":8},"end":{"line":84,"column":3055}},"19":{"start":{"line":85,"column":12},"end":{"line":85,"column":18}},"20":{"start":{"line":88,"column":8},"end":{"line":88,"column":21}},"21":{"start":{"line":89,"column":8},"end":{"line":89,"column":33}},"22":{"start":{"line":90,"column":8},"end":{"line":90,"column":36}},"23":{"start":{"line":91,"column":8},"end":{"line":91,"column":43}},"24":{"start":{"line":92,"column":8},"end":{"line":92,"column":31}},"25":{"start":{"line":96,"column":8},"end":{"line":96,"column":3403}},"26":{"start":{"line":97,"column":12},"end":{"line":97,"column":18}},"27":{"start":{"line":100,"column":8},"end":{"line":100,"column":3465}},"28":{"start":{"line":101,"column":12},"end":{"line":101,"column":25}},"29":{"start":{"line":102,"column":12},"end":{"line":102,"column":29}},"30":{"start":{"line":104,"column":8},"end":{"line":104,"column":41}},"31":{"start":{"line":106,"column":8},"end":{"line":106,"column":37}},"32":{"start":{"line":107,"column":8},"end":{"line":107,"column":47}},"33":{"start":{"line":108,"column":8},"end":{"line":108,"column":25}},"34":{"start":{"line":112,"column":8},"end":{"line":112,"column":51}},"35":{"start":{"line":113,"column":8},"end":{"line":113,"column":3910}},"36":{"start":{"line":114,"column":12},"end":{"line":114,"column":18}},"37":{"start":{"line":117,"column":8},"end":{"line":117,"column":31}},"38":{"start":{"line":118,"column":8},"end":{"line":118,"column":37}},"39":{"start":{"line":119,"column":8},"end":{"line":119,"column":21}},"40":{"start":{"line":120,"column":8},"end":{"line":120,"column":25}},"41":{"start":{"line":121,"column":8},"end":{"line":121,"column":27}},"42":{"start":{"line":125,"column":8},"end":{"line":125,"column":4362}},"43":{"start":{"line":126,"column":12},"end":{"line":126,"column":18}},"44":{"start":{"line":128,"column":8},"end":{"line":128,"column":32}},"45":{"start":{"line":129,"column":8},"end":{"line":129,"column":21}},"46":{"start":{"line":130,"column":8},"end":{"line":130,"column":39}},"47":{"start":{"line":134,"column":8},"end":{"line":134,"column":44}},"48":{"start":{"line":138,"column":8},"end":{"line":138,"column":43}},"49":{"start":{"line":139,"column":8},"end":{"line":139,"column":51}},"50":{"start":{"line":142,"column":8},"end":{"line":142,"column":4899}},"51":{"start":{"line":143,"column":12},"end":{"line":143,"column":24}},"52":{"start":{"line":147,"column":8},"end":{"line":147,"column":41}},"53":{"start":{"line":148,"column":8},"end":{"line":148,"column":5063}},"54":{"start":{"line":149,"column":12},"end":{"line":149,"column":24}},"55":{"start":{"line":151,"column":12},"end":{"line":151,"column":23}},"56":{"start":{"line":159,"column":8},"end":{"line":159,"column":55}},"57":{"start":{"line":161,"column":8},"end":{"line":161,"column":31}},"58":{"start":{"line":163,"column":8},"end":{"line":163,"column":43}},"59":{"start":{"line":165,"column":8},"end":{"line":165,"column":5640}},"60":{"start":{"line":167,"column":12},"end":{"line":167,"column":55}},"61":{"start":{"line":169,"column":12},"end":{"line":169,"column":33}},"62":{"start":{"line":170,"column":12},"end":{"line":170,"column":50}},"63":{"start":{"line":171,"column":12},"end":{"line":171,"column":53}},"64":{"start":{"line":174,"column":8},"end":{"line":174,"column":41}},"65":{"start":{"line":176,"column":8},"end":{"line":176,"column":6208}},"66":{"start":{"line":177,"column":12},"end":{"line":177,"column":47}},"67":{"start":{"line":179,"column":12},"end":{"line":179,"column":6415}},"68":{"start":{"line":183,"column":16},"end":{"line":183,"column":27}},"69":{"start":{"line":187,"column":16},"end":{"line":187,"column":50}},"70":{"start":{"line":193,"column":8},"end":{"line":193,"column":20}},"71":{"start":{"line":194,"column":8},"end":{"line":194,"column":7071}},"72":{"start":{"line":195,"column":12},"end":{"line":195,"column":7116}},"73":{"start":{"line":198,"column":12},"end":{"line":198,"column":7218}},"74":{"start":{"line":201,"column":12},"end":{"line":201,"column":7331}},"75":{"start":{"line":202,"column":16},"end":{"line":202,"column":53}},"76":{"start":{"line":203,"column":16},"end":{"line":203,"column":56}},"77":{"start":{"line":204,"column":16},"end":{"line":204,"column":40}},"78":{"start":{"line":210,"column":8},"end":{"line":210,"column":42}},"79":{"start":{"line":211,"column":8},"end":{"line":211,"column":7691}},"80":{"start":{"line":212,"column":12},"end":{"line":212,"column":7743}}},"branchMap":{"1":{"line":39,"type":"if","locations":[{"start":{"line":39,"column":8},"end":{"line":39,"column":8}},{"start":{"line":39,"column":8},"end":{"line":39,"column":8}}]},"2":{"line":47,"type":"if","locations":[{"start":{"line":47,"column":8},"end":{"line":47,"column":8}},{"start":{"line":47,"column":8},"end":{"line":47,"column":8}}]},"3":{"line":69,"type":"if","locations":[{"start":{"line":69,"column":8},"end":{"line":69,"column":8}},{"start":{"line":69,"column":8},"end":{"line":69,"column":8}}]},"4":{"line":74,"type":"if","locations":[{"start":{"line":74,"column":8},"end":{"line":74,"column":8}},{"start":{"line":74,"column":8},"end":{"line":74,"column":8}}]},"5":{"line":84,"type":"if","locations":[{"start":{"line":84,"column":8},"end":{"line":84,"column":8}},{"start":{"line":84,"column":8},"end":{"line":84,"column":8}}]},"6":{"line":96,"type":"if","locations":[{"start":{"line":96,"column":8},"end":{"line":96,"column":8}},{"start":{"line":96,"column":8},"end":{"line":96,"column":8}}]},"7":{"line":100,"type":"if","locations":[{"start":{"line":100,"column":8},"end":{"line":100,"column":8}},{"start":{"line":100,"column":8},"end":{"line":100,"column":8}}]},"8":{"line":104,"type":"if","locations":[{"start":{"line":104,"column":8},"end":{"line":104,"column":8}},{"start":{"line":104,"column":8},"end":{"line":104,"column":8}}]},"9":{"line":113,"type":"if","locations":[{"start":{"line":113,"column":8},"end":{"line":113,"column":8}},{"start":{"line":113,"column":8},"end":{"line":113,"column":8}}]},"10":{"line":125,"type":"if","locations":[{"start":{"line":125,"column":8},"end":{"line":125,"column":8}},{"start":{"line":125,"column":8},"end":{"line":125,"column":8}}]},"11":{"line":142,"type":"if","locations":[{"start":{"line":142,"column":8},"end":{"line":142,"column":8}},{"start":{"line":142,"column":8},"end":{"line":142,"column":8}}]},"12":{"line":148,"type":"if","locations":[{"start":{"line":148,"column":8},"end":{"line":148,"column":8}},{"start":{"line":148,"column":8},"end":{"line":148,"column":8}}]},"13":{"line":161,"type":"if","locations":[{"start":{"line":161,"column":8},"end":{"line":161,"column":8}},{"start":{"line":161,"column":8},"end":{"line":161,"column":8}}]},"14":{"line":165,"type":"if","locations":[{"start":{"line":165,"column":8},"end":{"line":165,"column":8}},{"start":{"line":165,"column":8},"end":{"line":165,"column":8}}]},"15":{"line":176,"type":"if","locations":[{"start":{"line":176,"column":8},"end":{"line":176,"column":8}},{"start":{"line":176,"column":8},"end":{"line":176,"column":8}}]},"16":{"line":179,"type":"if","locations":[{"start":{"line":179,"column":12},"end":{"line":179,"column":12}},{"start":{"line":179,"column":12},"end":{"line":179,"column":12}}]},"17":{"line":201,"type":"if","locations":[{"start":{"line":201,"column":12},"end":{"line":201,"column":12}},{"start":{"line":201,"column":12},"end":{"line":201,"column":12}}]},"18":{"line":212,"type":"if","locations":[{"start":{"line":212,"column":12},"end":{"line":212,"column":12}},{"start":{"line":212,"column":12},"end":{"line":212,"column":12}}]}}},"contracts\\TestAlphaMarketICO.sol":{"l":{"9":156,"13":74,"17":1,"21":1},"path":"D:/proj/am_smart_contracts/contracts/TestAlphaMarketICO.sol","s":{"1":156,"2":74,"3":1,"4":1},"b":{},"f":{"1":37,"2":156,"3":74,"4":1,"5":1},"fnMap":{"1":{"name":"TestAlphaMarketICO","line":6,"loc":{"start":{"line":6,"column":4},"end":{"line":6,"column":79}}},"2":{"name":"currentTime","line":8,"loc":{"start":{"line":8,"column":4},"end":{"line":8,"column":53}}},"3":{"name":"setCurrentTime","line":12,"loc":{"start":{"line":12,"column":4},"end":{"line":12,"column":59}}},"4":{"name":"setHardCap","line":16,"loc":{"start":{"line":16,"column":4},"end":{"line":16,"column":55}}},"5":{"name":"setTotalSold","line":20,"loc":{"start":{"line":20,"column":4},"end":{"line":20,"column":59}}}},"statementMap":{"1":{"start":{"line":9,"column":8},"end":{"line":9,"column":23}},"2":{"start":{"line":13,"column":8},"end":{"line":13,"column":26}},"3":{"start":{"line":17,"column":8},"end":{"line":17,"column":25}},"4":{"start":{"line":21,"column":8},"end":{"line":21,"column":29}}},"branchMap":{}}}